2025-09-17T14:45:24: 🚀 Инициализация мониторинга группы АНТИЛОПА...
2025-09-17T14:45:24: {"level":30,"time":1758109524411,"pid":1246,"hostname":"vm-065c2a","sessionFile":"/home/user1/telegram_parser/.session.txt","length":369,"msg":"Session loaded"}
2025-09-17T14:45:24: [33m[2025-09-17T14:45:24.412] [INFO] - [Running gramJS version 2.22.1][0m
2025-09-17T14:45:24: [33m[2025-09-17T14:45:24.415] [INFO] - [Connecting to 149.154.167.51:80/TCPFull...][0m
2025-09-17T14:45:24: [33m[2025-09-17T14:45:24.460] [INFO] - [Connection to 149.154.167.51:80/TCPFull complete!][0m
2025-09-17T14:45:24: [33m[2025-09-17T14:45:24.461] [INFO] - [Using LAYER 181 for initial connect][0m
2025-09-17T14:45:24: {"level":30,"time":1758109524812,"pid":1246,"hostname":"vm-065c2a","msg":"Telegram client already authorized"}
2025-09-17T14:45:24: ✅ Telegram клиент подключен
2025-09-17T14:45:24: ✅ RealGlobalSearch инициализирован
2025-09-17T14:45:24: ✅ AI анализатор каналов инициализирован
2025-09-17T14:45:24: ✅ SmartGlobalSearch с AI анализом инициализирован
2025-09-17T14:45:24: ✅ Используем ID группы АНТИЛОПА: -1002686615681
2025-09-17T14:45:24: ✅ Мониторинг готов к работе!
2025-09-17T14:45:24: 👁️ Начинаю мониторинг группы АНТИЛОПА...
2025-09-17T14:45:25: 🔄 Стартовый ID последнего сообщения: 19265
2025-09-17T14:45:25: ✅ Мониторинг активен (polling каждые 5 сек)
2025-09-17T14:45:25: 🎯 Триггерная фраза: "ПОИСК ПО ТЕЛЕГЕ"
2025-09-17T14:45:30: 🔍 Проверяю новые сообщения...
2025-09-17T14:45:30: 📬 Найдено 10 сообщений, последний ID: 19265
2025-09-17T14:45:35: 🔍 Проверяю новые сообщения...
2025-09-17T14:45:35: 📬 Найдено 10 сообщений, последний ID: 19265
2025-09-17T14:45:40: 🔍 Проверяю новые сообщения...
2025-09-17T14:45:40: 📬 Найдено 10 сообщений, последний ID: 19265
2025-09-17T14:45:45: 🔍 Проверяю новые сообщения...
2025-09-17T14:45:45: 📬 Найдено 10 сообщений, последний ID: 19265
2025-09-17T14:45:50: 🔍 Проверяю новые сообщения...
2025-09-17T14:45:50: 📬 Найдено 10 сообщений, последний ID: 19265
2025-09-17T14:45:55: 🔍 Проверяю новые сообщения...
2025-09-17T14:45:55: 📬 Найдено 10 сообщений, последний ID: 19265
2025-09-17T14:46:00: 🔍 Проверяю новые сообщения...
2025-09-17T14:46:00: 📬 Найдено 10 сообщений, последний ID: 19265
2025-09-17T14:46:05: 🔍 Проверяю новые сообщения...
2025-09-17T14:46:05: 📬 Найдено 10 сообщений, последний ID: 19265
2025-09-17T14:46:10: 🔍 Проверяю новые сообщения...
2025-09-17T14:46:10: 📬 Найдено 10 сообщений, последний ID: 19265
2025-09-17T14:46:15: 🔍 Проверяю новые сообщения...
2025-09-17T14:46:15: 📬 Найдено 10 сообщений, последний ID: 19265
2025-09-17T14:46:20: 🔍 Проверяю новые сообщения...
2025-09-17T14:46:20: 📬 Найдено 10 сообщений, последний ID: 19265
2025-09-17T14:46:25: 🔍 Проверяю новые сообщения...
2025-09-17T14:46:25: 📬 Найдено 10 сообщений, последний ID: 19265
2025-09-17T14:46:30: 🔍 Проверяю новые сообщения...
2025-09-17T14:46:30: 📬 Найдено 10 сообщений, последний ID: 19265
2025-09-17T14:46:35: 🔍 Проверяю новые сообщения...
2025-09-17T14:46:35: 📬 Найдено 10 сообщений, последний ID: 19265
2025-09-17T14:46:40: 🔍 Проверяю новые сообщения...
2025-09-17T14:46:40: 📬 Найдено 10 сообщений, последний ID: 19265
2025-09-17T14:46:45: 🔍 Проверяю новые сообщения...
2025-09-17T14:46:45: 📬 Найдено 10 сообщений, последний ID: 19265
2025-09-17T14:46:50: 🔍 Проверяю новые сообщения...
2025-09-17T14:46:50: 📬 Найдено 10 сообщений, последний ID: 19265
2025-09-17T14:46:55: 🔍 Проверяю новые сообщения...
2025-09-17T14:46:55: 📬 Найдено 10 сообщений, последний ID: 19265
2025-09-17T14:47:00: 🔍 Проверяю новые сообщения...
2025-09-17T14:47:00: 📬 Найдено 10 сообщений, последний ID: 19265
2025-09-17T14:47:05: 🔍 Проверяю новые сообщения...
2025-09-17T14:47:05: 📬 Найдено 10 сообщений, последний ID: 19265
2025-09-17T14:47:10: 🔍 Проверяю новые сообщения...
2025-09-17T14:47:10: 📬 Найдено 10 сообщений, последний ID: 19265
2025-09-17T14:47:15: 🔍 Проверяю новые сообщения...
2025-09-17T14:47:15: 📬 Найдено 10 сообщений, последний ID: 19265
2025-09-17T14:47:20: 🔍 Проверяю новые сообщения...
2025-09-17T14:47:20: 📬 Найдено 10 сообщений, последний ID: 19265
2025-09-17T14:47:25: 🔍 Проверяю новые сообщения...
2025-09-17T14:47:25: 📬 Найдено 10 сообщений, последний ID: 19265
2025-09-17T14:47:30: 🔍 Проверяю новые сообщения...
2025-09-17T14:47:30: 📬 Найдено 10 сообщений, последний ID: 19265
2025-09-17T14:47:35: 🔍 Проверяю новые сообщения...
2025-09-17T14:47:35: 📬 Найдено 10 сообщений, последний ID: 19265
2025-09-17T14:47:40: 🔍 Проверяю новые сообщения...
2025-09-17T14:47:40: 📬 Найдено 10 сообщений, последний ID: 19265
2025-09-17T14:47:45: 🔍 Проверяю новые сообщения...
2025-09-17T14:47:45: 📬 Найдено 10 сообщений, последний ID: 19265
2025-09-17T14:47:50: 🔍 Проверяю новые сообщения...
2025-09-17T14:47:50: 📬 Найдено 10 сообщений, последний ID: 19265
2025-09-17T14:47:55: 🔍 Проверяю новые сообщения...
2025-09-17T14:47:55: 📬 Найдено 10 сообщений, последний ID: 19265
2025-09-17T14:48:00: 🔍 Проверяю новые сообщения...
2025-09-17T14:48:00: 📬 Найдено 10 сообщений, последний ID: 19265
2025-09-17T14:48:05: 🔍 Проверяю новые сообщения...
2025-09-17T14:48:05: 📬 Найдено 10 сообщений, последний ID: 19265
2025-09-17T14:48:10: 🔍 Проверяю новые сообщения...
2025-09-17T14:48:10: 📬 Найдено 10 сообщений, последний ID: 19265
2025-09-17T14:48:15: 🔍 Проверяю новые сообщения...
2025-09-17T14:48:15: 📬 Найдено 10 сообщений, последний ID: 19265
2025-09-17T14:48:20: 🔍 Проверяю новые сообщения...
2025-09-17T14:48:20: 📬 Найдено 10 сообщений, последний ID: 19265
2025-09-17T14:48:25: 🔍 Проверяю новые сообщения...
2025-09-17T14:48:25: 📬 Найдено 10 сообщений, последний ID: 19265
2025-09-17T14:48:30: 🔍 Проверяю новые сообщения...
2025-09-17T14:48:30: 📬 Найдено 10 сообщений, последний ID: 19265
2025-09-17T14:48:35: 🔍 Проверяю новые сообщения...
2025-09-17T14:48:35: 📬 Найдено 10 сообщений, последний ID: 19265
2025-09-17T14:48:40: 🔍 Проверяю новые сообщения...
2025-09-17T14:48:40: 📬 Найдено 10 сообщений, последний ID: 19265
2025-09-17T14:48:45: 🔍 Проверяю новые сообщения...
2025-09-17T14:48:45: 📬 Найдено 10 сообщений, последний ID: 19265
2025-09-17T14:48:50: 🔍 Проверяю новые сообщения...
2025-09-17T14:48:50: 📬 Найдено 10 сообщений, последний ID: 19265
2025-09-17T14:48:55: 🔍 Проверяю новые сообщения...
2025-09-17T14:48:55: 📬 Найдено 10 сообщений, последний ID: 19265
2025-09-17T14:49:00: 🔍 Проверяю новые сообщения...
2025-09-17T14:49:00: 📬 Найдено 10 сообщений, последний ID: 19265
2025-09-17T14:49:05: 🔍 Проверяю новые сообщения...
2025-09-17T14:49:05: 📬 Найдено 10 сообщений, последний ID: 19265
2025-09-17T14:49:10: 🔍 Проверяю новые сообщения...
2025-09-17T14:49:10: 📬 Найдено 10 сообщений, последний ID: 19265
2025-09-17T14:49:15: 🔍 Проверяю новые сообщения...
2025-09-17T14:49:15: 📬 Найдено 10 сообщений, последний ID: 19265
2025-09-17T14:49:20: 🔍 Проверяю новые сообщения...
2025-09-17T14:49:20: 📬 Найдено 10 сообщений, последний ID: 19265
2025-09-17T14:49:25: 🔍 Проверяю новые сообщения...
2025-09-17T14:49:25: 📬 Найдено 10 сообщений, последний ID: 19265
2025-09-17T14:49:30: 🔍 Проверяю новые сообщения...
2025-09-17T14:49:30: 📬 Найдено 10 сообщений, последний ID: 19265
2025-09-17T14:49:35: 🔍 Проверяю новые сообщения...
2025-09-17T14:49:35: 📬 Найдено 10 сообщений, последний ID: 19265
2025-09-17T14:49:40: 🔍 Проверяю новые сообщения...
2025-09-17T14:49:40: 📬 Найдено 10 сообщений, последний ID: 19265
2025-09-17T14:49:45: 🔍 Проверяю новые сообщения...
2025-09-17T14:49:45: 📬 Найдено 10 сообщений, последний ID: 19265
2025-09-17T14:49:50: 🔍 Проверяю новые сообщения...
2025-09-17T14:49:50: 📬 Найдено 10 сообщений, последний ID: 19265
2025-09-17T14:49:55: 🔍 Проверяю новые сообщения...
2025-09-17T14:49:55: 📬 Найдено 10 сообщений, последний ID: 19265
2025-09-17T14:50:00: 🔍 Проверяю новые сообщения...
2025-09-17T14:50:00: 📬 Найдено 10 сообщений, последний ID: 19265
2025-09-17T14:50:05: 🔍 Проверяю новые сообщения...
2025-09-17T14:50:05: 📬 Найдено 10 сообщений, последний ID: 19265
2025-09-17T14:50:10: 🔍 Проверяю новые сообщения...
2025-09-17T14:50:10: 📬 Найдено 10 сообщений, последний ID: 19265
2025-09-17T14:50:15: 🔍 Проверяю новые сообщения...
2025-09-17T14:50:15: 📬 Найдено 10 сообщений, последний ID: 19265
2025-09-17T14:50:20: 🔍 Проверяю новые сообщения...
2025-09-17T14:50:20: 📬 Найдено 10 сообщений, последний ID: 19265
2025-09-17T14:50:25: 🔍 Проверяю новые сообщения...
2025-09-17T14:50:25: 📬 Найдено 10 сообщений, последний ID: 19265
2025-09-17T14:50:30: 🔍 Проверяю новые сообщения...
2025-09-17T14:50:30: 📬 Найдено 10 сообщений, последний ID: 19265
2025-09-17T14:50:35: 🔍 Проверяю новые сообщения...
2025-09-17T14:50:35: 📬 Найдено 10 сообщений, последний ID: 19265
2025-09-17T14:50:40: 🔍 Проверяю новые сообщения...
2025-09-17T14:50:40: 📬 Найдено 10 сообщений, последний ID: 19265
2025-09-17T14:50:45: 🔍 Проверяю новые сообщения...
2025-09-17T14:50:45: 📬 Найдено 10 сообщений, последний ID: 19265
2025-09-17T14:50:50: 🔍 Проверяю новые сообщения...
2025-09-17T14:50:50: 📬 Найдено 10 сообщений, последний ID: 19265
2025-09-17T14:50:55: 🔍 Проверяю новые сообщения...
2025-09-17T14:50:55: 📬 Найдено 10 сообщений, последний ID: 19265
2025-09-17T14:51:00: 🔍 Проверяю новые сообщения...
2025-09-17T14:51:00: 📬 Найдено 10 сообщений, последний ID: 19265
2025-09-17T14:51:05: 🔍 Проверяю новые сообщения...
2025-09-17T14:51:05: 📬 Найдено 10 сообщений, последний ID: 19265
2025-09-17T14:51:10: 🔍 Проверяю новые сообщения...
2025-09-17T14:51:10: 📬 Найдено 10 сообщений, последний ID: 19265
2025-09-17T14:51:15: 🔍 Проверяю новые сообщения...
2025-09-17T14:51:15: 📬 Найдено 10 сообщений, последний ID: 19265
2025-09-17T14:51:20: 🔍 Проверяю новые сообщения...
2025-09-17T14:51:20: 📬 Найдено 10 сообщений, последний ID: 19265
2025-09-17T14:51:25: 🔍 Проверяю новые сообщения...
2025-09-17T14:51:25: 📬 Найдено 10 сообщений, последний ID: 19265
2025-09-17T14:51:30: 🔍 Проверяю новые сообщения...
2025-09-17T14:51:30: 📬 Найдено 10 сообщений, последний ID: 19265
2025-09-17T14:51:35: 🔍 Проверяю новые сообщения...
2025-09-17T14:51:35: 📬 Найдено 10 сообщений, последний ID: 19265
2025-09-17T14:51:40: 🔍 Проверяю новые сообщения...
2025-09-17T14:51:40: 📬 Найдено 10 сообщений, последний ID: 19265
2025-09-17T14:51:45: 🔍 Проверяю новые сообщения...
2025-09-17T14:51:45: 📬 Найдено 10 сообщений, последний ID: 19265
2025-09-17T14:51:50: 🔍 Проверяю новые сообщения...
2025-09-17T14:51:50: 📬 Найдено 10 сообщений, последний ID: 19265
2025-09-17T14:51:55: 🔍 Проверяю новые сообщения...
2025-09-17T14:51:55: 📬 Найдено 10 сообщений, последний ID: 19265
2025-09-17T14:52:00: 🔍 Проверяю новые сообщения...
2025-09-17T14:52:00: 📬 Найдено 10 сообщений, последний ID: 19265
2025-09-17T14:52:05: 🔍 Проверяю новые сообщения...
2025-09-17T14:52:05: 📬 Найдено 10 сообщений, последний ID: 19265
2025-09-17T14:52:10: 🔍 Проверяю новые сообщения...
2025-09-17T14:52:10: 📬 Найдено 10 сообщений, последний ID: 19265
2025-09-17T14:52:15: 🔍 Проверяю новые сообщения...
2025-09-17T14:52:15: 📬 Найдено 10 сообщений, последний ID: 19265
2025-09-17T14:52:20: 🔍 Проверяю новые сообщения...
2025-09-17T14:52:20: 📬 Найдено 10 сообщений, последний ID: 19265
2025-09-17T14:52:25: 🔍 Проверяю новые сообщения...
2025-09-17T14:52:25: 📬 Найдено 10 сообщений, последний ID: 19265
2025-09-17T14:52:30: 🔍 Проверяю новые сообщения...
2025-09-17T14:52:30: 📬 Найдено 10 сообщений, последний ID: 19265
2025-09-17T14:52:35: 🔍 Проверяю новые сообщения...
2025-09-17T14:52:35: 📬 Найдено 10 сообщений, последний ID: 19265
2025-09-17T14:52:40: 🔍 Проверяю новые сообщения...
2025-09-17T14:52:40: 📬 Найдено 10 сообщений, последний ID: 19265
2025-09-17T14:52:45: 🔍 Проверяю новые сообщения...
2025-09-17T14:52:45: 📬 Найдено 10 сообщений, последний ID: 19265
2025-09-17T14:52:50: 🔍 Проверяю новые сообщения...
2025-09-17T14:52:50: 📬 Найдено 10 сообщений, последний ID: 19265
2025-09-17T14:52:55: 🔍 Проверяю новые сообщения...
2025-09-17T14:52:55: 📬 Найдено 10 сообщений, последний ID: 19265
2025-09-17T14:53:00: 🔍 Проверяю новые сообщения...
2025-09-17T14:53:00: 📬 Найдено 10 сообщений, последний ID: 19265
2025-09-17T14:53:05: 🔍 Проверяю новые сообщения...
2025-09-17T14:53:05: 📬 Найдено 10 сообщений, последний ID: 19265
2025-09-17T14:53:10: 🔍 Проверяю новые сообщения...
2025-09-17T14:53:10: 📬 Найдено 10 сообщений, последний ID: 19265
2025-09-17T14:53:15: 🔍 Проверяю новые сообщения...
2025-09-17T14:53:15: 📬 Найдено 10 сообщений, последний ID: 19265
2025-09-17T14:53:20: 🔍 Проверяю новые сообщения...
2025-09-17T14:53:20: 📬 Найдено 10 сообщений, последний ID: 19265
2025-09-17T14:53:25: 🔍 Проверяю новые сообщения...
2025-09-17T14:53:25: 📬 Найдено 10 сообщений, последний ID: 19265
2025-09-17T14:53:30: 🔍 Проверяю новые сообщения...
2025-09-17T14:53:30: 📬 Найдено 10 сообщений, последний ID: 19265
2025-09-17T14:53:35: 🔍 Проверяю новые сообщения...
2025-09-17T14:53:35: 📬 Найдено 10 сообщений, последний ID: 19265
2025-09-17T14:53:40: 🔍 Проверяю новые сообщения...
2025-09-17T14:53:40: 📬 Найдено 10 сообщений, последний ID: 19265
2025-09-17T14:53:45: 🔍 Проверяю новые сообщения...
2025-09-17T14:53:45: 📬 Найдено 10 сообщений, последний ID: 19265
2025-09-17T14:53:50: 🔍 Проверяю новые сообщения...
2025-09-17T14:53:50: 📬 Найдено 10 сообщений, последний ID: 19265
2025-09-17T14:53:55: 🔍 Проверяю новые сообщения...
2025-09-17T14:53:55: 📬 Найдено 10 сообщений, последний ID: 19265
2025-09-17T14:54:00: 🔍 Проверяю новые сообщения...
2025-09-17T14:54:00: 📬 Найдено 10 сообщений, последний ID: 19265
2025-09-17T14:54:05: 🔍 Проверяю новые сообщения...
2025-09-17T14:54:05: 📬 Найдено 10 сообщений, последний ID: 19265
2025-09-17T14:54:10: 🔍 Проверяю новые сообщения...
2025-09-17T14:54:10: 📬 Найдено 10 сообщений, последний ID: 19265
2025-09-17T14:54:15: 🔍 Проверяю новые сообщения...
2025-09-17T14:54:15: 📬 Найдено 10 сообщений, последний ID: 19265
2025-09-17T14:54:20: 🔍 Проверяю новые сообщения...
2025-09-17T14:54:20: 📬 Найдено 10 сообщений, последний ID: 19265
2025-09-17T14:54:25: 🔍 Проверяю новые сообщения...
2025-09-17T14:54:25: 📬 Найдено 10 сообщений, последний ID: 19265
2025-09-17T14:54:30: 🔍 Проверяю новые сообщения...
2025-09-17T14:54:30: 📬 Найдено 10 сообщений, последний ID: 19265
2025-09-17T14:54:35: 🔍 Проверяю новые сообщения...
2025-09-17T14:54:35: 📬 Найдено 10 сообщений, последний ID: 19265
2025-09-17T14:54:40: 🔍 Проверяю новые сообщения...
2025-09-17T14:54:40: 📬 Найдено 10 сообщений, последний ID: 19265
2025-09-17T14:54:45: 🔍 Проверяю новые сообщения...
2025-09-17T14:54:45: 📬 Найдено 10 сообщений, последний ID: 19265
2025-09-17T14:54:50: 🔍 Проверяю новые сообщения...
2025-09-17T14:54:50: 📬 Найдено 10 сообщений, последний ID: 19265
2025-09-17T14:54:55: 🔍 Проверяю новые сообщения...
2025-09-17T14:54:55: 📬 Найдено 10 сообщений, последний ID: 19265
2025-09-17T14:55:00: 🔍 Проверяю новые сообщения...
2025-09-17T14:55:00: 📬 Найдено 10 сообщений, последний ID: 19265
2025-09-17T14:55:05: 🔍 Проверяю новые сообщения...
2025-09-17T14:55:05: 📬 Найдено 10 сообщений, последний ID: 19265
2025-09-17T14:55:10: 🔍 Проверяю новые сообщения...
2025-09-17T14:55:10: 📬 Найдено 10 сообщений, последний ID: 19265
2025-09-17T14:55:15: 🔍 Проверяю новые сообщения...
2025-09-17T14:55:15: 📬 Найдено 10 сообщений, последний ID: 19265
2025-09-17T14:55:20: 🔍 Проверяю новые сообщения...
2025-09-17T14:55:20: 📬 Найдено 10 сообщений, последний ID: 19265
2025-09-17T14:55:25: 🔍 Проверяю новые сообщения...
2025-09-17T14:55:25: 📬 Найдено 10 сообщений, последний ID: 19265
2025-09-17T14:55:30: 🔍 Проверяю новые сообщения...
2025-09-17T14:55:30: 📬 Найдено 10 сообщений, последний ID: 19265
2025-09-17T14:55:35: 🔍 Проверяю новые сообщения...
2025-09-17T14:55:35: 📬 Найдено 10 сообщений, последний ID: 19265
2025-09-17T14:55:40: 🔍 Проверяю новые сообщения...
2025-09-17T14:55:40: 📬 Найдено 10 сообщений, последний ID: 19265
2025-09-17T14:55:45: 🔍 Проверяю новые сообщения...
2025-09-17T14:55:45: 📬 Найдено 10 сообщений, последний ID: 19265
2025-09-17T14:55:50: 🔍 Проверяю новые сообщения...
2025-09-17T14:55:50: 📬 Найдено 10 сообщений, последний ID: 19265
2025-09-17T14:55:55: 🔍 Проверяю новые сообщения...
2025-09-17T14:55:55: 📬 Найдено 10 сообщений, последний ID: 19265
2025-09-17T14:56:00: 🔍 Проверяю новые сообщения...
2025-09-17T14:56:00: 📬 Найдено 10 сообщений, последний ID: 19265
2025-09-17T14:56:05: 🔍 Проверяю новые сообщения...
2025-09-17T14:56:05: 📬 Найдено 10 сообщений, последний ID: 19265
2025-09-17T14:56:10: 🔍 Проверяю новые сообщения...
2025-09-17T14:56:10: 📬 Найдено 10 сообщений, последний ID: 19265
2025-09-17T14:56:15: 🔍 Проверяю новые сообщения...
2025-09-17T14:56:15: 📬 Найдено 10 сообщений, последний ID: 19265
2025-09-17T14:56:20: 🔍 Проверяю новые сообщения...
2025-09-17T14:56:20: 📬 Найдено 10 сообщений, последний ID: 19265
2025-09-17T14:56:25: 🔍 Проверяю новые сообщения...
2025-09-17T14:56:25: 📬 Найдено 10 сообщений, последний ID: 19265
2025-09-17T14:56:30: 🔍 Проверяю новые сообщения...
2025-09-17T14:56:30: 📬 Найдено 10 сообщений, последний ID: 19265
2025-09-17T14:56:35: 🔍 Проверяю новые сообщения...
2025-09-17T14:56:35: 📬 Найдено 10 сообщений, последний ID: 19265
2025-09-17T14:56:40: 🔍 Проверяю новые сообщения...
2025-09-17T14:56:40: 📬 Найдено 10 сообщений, последний ID: 19265
2025-09-17T14:56:45: 🔍 Проверяю новые сообщения...
2025-09-17T14:56:45: 📬 Найдено 10 сообщений, последний ID: 19265
2025-09-17T14:56:50: 🔍 Проверяю новые сообщения...
2025-09-17T14:56:50: 📬 Найдено 10 сообщений, последний ID: 19265
2025-09-17T14:56:55: 🔍 Проверяю новые сообщения...
2025-09-17T14:56:55: 📬 Найдено 10 сообщений, последний ID: 19265
2025-09-17T14:57:00: 🔍 Проверяю новые сообщения...
2025-09-17T14:57:00: 📬 Найдено 10 сообщений, последний ID: 19265
2025-09-17T14:57:05: 🔍 Проверяю новые сообщения...
2025-09-17T14:57:05: 📬 Найдено 10 сообщений, последний ID: 19265
2025-09-17T14:57:10: 🔍 Проверяю новые сообщения...
2025-09-17T14:57:10: 📬 Найдено 10 сообщений, последний ID: 19265
2025-09-17T14:57:15: 🔍 Проверяю новые сообщения...
2025-09-17T14:57:15: 📬 Найдено 10 сообщений, последний ID: 19265
2025-09-17T14:57:20: 🔍 Проверяю новые сообщения...
2025-09-17T14:57:20: 📬 Найдено 10 сообщений, последний ID: 19265
2025-09-17T14:57:25: 🔍 Проверяю новые сообщения...
2025-09-17T14:57:25: 📬 Найдено 10 сообщений, последний ID: 19265
2025-09-17T14:57:30: 🔍 Проверяю новые сообщения...
2025-09-17T14:57:30: 📬 Найдено 10 сообщений, последний ID: 19265
2025-09-17T14:57:35: 🔍 Проверяю новые сообщения...
2025-09-17T14:57:35: 📬 Найдено 10 сообщений, последний ID: 19265
2025-09-17T14:57:40: 🔍 Проверяю новые сообщения...
2025-09-17T14:57:40: 📬 Найдено 10 сообщений, последний ID: 19265
2025-09-17T14:57:45: 🔍 Проверяю новые сообщения...
2025-09-17T14:57:45: 📬 Найдено 10 сообщений, последний ID: 19265
2025-09-17T14:57:50: 🔍 Проверяю новые сообщения...
2025-09-17T14:57:50: 📬 Найдено 10 сообщений, последний ID: 19265
2025-09-17T14:57:55: 🔍 Проверяю новые сообщения...
2025-09-17T14:57:55: 📬 Найдено 10 сообщений, последний ID: 19265
2025-09-17T14:58:00: 🔍 Проверяю новые сообщения...
2025-09-17T14:58:00: 📬 Найдено 10 сообщений, последний ID: 19265
2025-09-17T14:58:05: 🔍 Проверяю новые сообщения...
2025-09-17T14:58:05: 📬 Найдено 10 сообщений, последний ID: 19265
2025-09-17T14:58:10: 🔍 Проверяю новые сообщения...
2025-09-17T14:58:10: 📬 Найдено 10 сообщений, последний ID: 19265
2025-09-17T14:58:15: 🔍 Проверяю новые сообщения...
2025-09-17T14:58:15: 📬 Найдено 10 сообщений, последний ID: 19265
2025-09-17T14:58:20: 🔍 Проверяю новые сообщения...
2025-09-17T14:58:20: 📬 Найдено 10 сообщений, последний ID: 19265
2025-09-17T14:58:25: 🔍 Проверяю новые сообщения...
2025-09-17T14:58:25: 📬 Найдено 10 сообщений, последний ID: 19265
2025-09-17T14:58:30: 🔍 Проверяю новые сообщения...
2025-09-17T14:58:30: 📬 Найдено 10 сообщений, последний ID: 19265
2025-09-17T14:58:35: 🔍 Проверяю новые сообщения...
2025-09-17T14:58:35: 📬 Найдено 10 сообщений, последний ID: 19265
2025-09-17T14:58:40: 🔍 Проверяю новые сообщения...
2025-09-17T14:58:40: 📬 Найдено 10 сообщений, последний ID: 19265
2025-09-17T14:58:45: 🔍 Проверяю новые сообщения...
2025-09-17T14:58:45: 📬 Найдено 10 сообщений, последний ID: 19265
2025-09-17T14:58:50: 🔍 Проверяю новые сообщения...
2025-09-17T14:58:50: 📬 Найдено 10 сообщений, последний ID: 19265
2025-09-17T14:58:55: 🔍 Проверяю новые сообщения...
2025-09-17T14:58:55: 📬 Найдено 10 сообщений, последний ID: 19265
2025-09-17T14:59:00: 🔍 Проверяю новые сообщения...
2025-09-17T14:59:00: 📬 Найдено 10 сообщений, последний ID: 19265
2025-09-17T14:59:05: 🔍 Проверяю новые сообщения...
2025-09-17T14:59:05: 📬 Найдено 10 сообщений, последний ID: 19265
2025-09-17T14:59:10: 🔍 Проверяю новые сообщения...
2025-09-17T14:59:10: 📬 Найдено 10 сообщений, последний ID: 19265
2025-09-17T14:59:15: 🔍 Проверяю новые сообщения...
2025-09-17T14:59:15: 📬 Найдено 10 сообщений, последний ID: 19265
2025-09-17T14:59:20: 🔍 Проверяю новые сообщения...
2025-09-17T14:59:20: 📬 Найдено 10 сообщений, последний ID: 19265
2025-09-17T14:59:25: 🔍 Проверяю новые сообщения...
2025-09-17T14:59:25: 📬 Найдено 10 сообщений, последний ID: 19265
2025-09-17T14:59:30: 🔍 Проверяю новые сообщения...
2025-09-17T14:59:30: 📬 Найдено 10 сообщений, последний ID: 19265
2025-09-17T14:59:35: 🔍 Проверяю новые сообщения...
2025-09-17T14:59:35: 📬 Найдено 10 сообщений, последний ID: 19265
2025-09-17T14:59:40: 🔍 Проверяю новые сообщения...
2025-09-17T14:59:40: 📬 Найдено 10 сообщений, последний ID: 19265
2025-09-17T14:59:45: 🔍 Проверяю новые сообщения...
2025-09-17T14:59:45: 📬 Найдено 10 сообщений, последний ID: 19265
2025-09-17T14:59:50: 🔍 Проверяю новые сообщения...
2025-09-17T14:59:50: 📬 Найдено 10 сообщений, последний ID: 19265
2025-09-17T14:59:55: 🔍 Проверяю новые сообщения...
2025-09-17T14:59:55: 📬 Найдено 10 сообщений, последний ID: 19265
2025-09-17T15:00:00: 🔍 Проверяю новые сообщения...
2025-09-17T15:00:00: 📬 Найдено 10 сообщений, последний ID: 19265
2025-09-17T15:00:05: 🔍 Проверяю новые сообщения...
2025-09-17T15:00:05: 📬 Найдено 10 сообщений, последний ID: 19265
2025-09-17T15:00:10: 🔍 Проверяю новые сообщения...
2025-09-17T15:00:10: 📬 Найдено 10 сообщений, последний ID: 19265
2025-09-17T15:00:15: 🔍 Проверяю новые сообщения...
2025-09-17T15:00:15: 📬 Найдено 10 сообщений, последний ID: 19265
2025-09-17T15:00:20: 🔍 Проверяю новые сообщения...
2025-09-17T15:00:20: 📬 Найдено 10 сообщений, последний ID: 19265
2025-09-17T15:00:25: 🔍 Проверяю новые сообщения...
2025-09-17T15:00:25: 📬 Найдено 10 сообщений, последний ID: 19265
2025-09-17T15:00:30: 🔍 Проверяю новые сообщения...
2025-09-17T15:00:30: 📬 Найдено 10 сообщений, последний ID: 19265
2025-09-17T15:00:35: 🔍 Проверяю новые сообщения...
2025-09-17T15:00:35: 📬 Найдено 10 сообщений, последний ID: 19265
2025-09-17T15:00:40: 🔍 Проверяю новые сообщения...
2025-09-17T15:00:40: 📬 Найдено 10 сообщений, последний ID: 19265
2025-09-17T15:00:45: 🔍 Проверяю новые сообщения...
2025-09-17T15:00:45: 📬 Найдено 10 сообщений, последний ID: 19265
2025-09-17T15:00:50: 🔍 Проверяю новые сообщения...
2025-09-17T15:00:50: 📬 Найдено 10 сообщений, последний ID: 19265
2025-09-17T15:00:55: 🔍 Проверяю новые сообщения...
2025-09-17T15:00:55: 📬 Найдено 10 сообщений, последний ID: 19265
2025-09-17T15:01:00: 🔍 Проверяю новые сообщения...
2025-09-17T15:01:00: 📬 Найдено 10 сообщений, последний ID: 19265
2025-09-17T15:01:05: 🔍 Проверяю новые сообщения...
2025-09-17T15:01:05: 📬 Найдено 10 сообщений, последний ID: 19265
2025-09-17T15:01:10: 🔍 Проверяю новые сообщения...
2025-09-17T15:01:10: 📬 Найдено 10 сообщений, последний ID: 19265
2025-09-17T15:01:15: 🔍 Проверяю новые сообщения...
2025-09-17T15:01:15: 📬 Найдено 10 сообщений, последний ID: 19265
2025-09-17T15:01:20: 🔍 Проверяю новые сообщения...
2025-09-17T15:01:20: 📬 Найдено 10 сообщений, последний ID: 19265
2025-09-17T15:01:25: 🔍 Проверяю новые сообщения...
2025-09-17T15:01:25: 📬 Найдено 10 сообщений, последний ID: 19265
2025-09-17T15:01:30: 🔍 Проверяю новые сообщения...
2025-09-17T15:01:30: 📬 Найдено 10 сообщений, последний ID: 19265
2025-09-17T15:01:35: 🔍 Проверяю новые сообщения...
2025-09-17T15:01:35: 📬 Найдено 10 сообщений, последний ID: 19265
2025-09-17T15:01:40: 🔍 Проверяю новые сообщения...
2025-09-17T15:01:40: 📬 Найдено 10 сообщений, последний ID: 19265
2025-09-17T15:01:45: 🔍 Проверяю новые сообщения...
2025-09-17T15:01:45: 📬 Найдено 10 сообщений, последний ID: 19265
2025-09-17T15:01:50: 🔍 Проверяю новые сообщения...
2025-09-17T15:01:50: 📬 Найдено 10 сообщений, последний ID: 19265
2025-09-17T15:01:55: 🔍 Проверяю новые сообщения...
2025-09-17T15:01:55: 📬 Найдено 10 сообщений, последний ID: 19265
2025-09-17T15:02:00: 🔍 Проверяю новые сообщения...
2025-09-17T15:02:00: 📬 Найдено 10 сообщений, последний ID: 19265
2025-09-17T15:02:05: 🔍 Проверяю новые сообщения...
2025-09-17T15:02:05: 📬 Найдено 10 сообщений, последний ID: 19265
2025-09-17T15:02:10: 🔍 Проверяю новые сообщения...
2025-09-17T15:02:10: 📬 Найдено 10 сообщений, последний ID: 19265
2025-09-17T15:02:15: 🔍 Проверяю новые сообщения...
2025-09-17T15:02:15: 📬 Найдено 10 сообщений, последний ID: 19265
2025-09-17T15:02:20: 🔍 Проверяю новые сообщения...
2025-09-17T15:02:20: 📬 Найдено 10 сообщений, последний ID: 19265
2025-09-17T15:02:25: 🔍 Проверяю новые сообщения...
2025-09-17T15:02:25: 📬 Найдено 10 сообщений, последний ID: 19265
2025-09-17T15:02:30: 🔍 Проверяю новые сообщения...
2025-09-17T15:02:30: 📬 Найдено 10 сообщений, последний ID: 19265
2025-09-17T15:02:35: 🔍 Проверяю новые сообщения...
2025-09-17T15:02:35: 📬 Найдено 10 сообщений, последний ID: 19265
2025-09-17T15:02:40: 🔍 Проверяю новые сообщения...
2025-09-17T15:02:40: 📬 Найдено 10 сообщений, последний ID: 19265
2025-09-17T15:02:45: 🔍 Проверяю новые сообщения...
2025-09-17T15:02:45: 📬 Найдено 10 сообщений, последний ID: 19265
2025-09-17T15:02:50: 🔍 Проверяю новые сообщения...
2025-09-17T15:02:50: 📬 Найдено 10 сообщений, последний ID: 19265
2025-09-17T15:02:55: 🔍 Проверяю новые сообщения...
2025-09-17T15:02:55: 📬 Найдено 10 сообщений, последний ID: 19265
2025-09-17T15:03:00: 🔍 Проверяю новые сообщения...
2025-09-17T15:03:00: 📬 Найдено 10 сообщений, последний ID: 19265
2025-09-17T15:03:05: 🔍 Проверяю новые сообщения...
2025-09-17T15:03:05: 📬 Найдено 10 сообщений, последний ID: 19265
2025-09-17T15:03:10: 🔍 Проверяю новые сообщения...
2025-09-17T15:03:10: 📬 Найдено 10 сообщений, последний ID: 19265
2025-09-17T15:03:15: 🔍 Проверяю новые сообщения...
2025-09-17T15:03:15: 📬 Найдено 10 сообщений, последний ID: 19265
2025-09-17T15:03:20: 🔍 Проверяю новые сообщения...
2025-09-17T15:03:20: 📬 Найдено 10 сообщений, последний ID: 19265
2025-09-17T15:03:25: 🔍 Проверяю новые сообщения...
2025-09-17T15:03:25: 📬 Найдено 10 сообщений, последний ID: 19265
2025-09-17T15:03:30: 🔍 Проверяю новые сообщения...
2025-09-17T15:03:30: 📬 Найдено 10 сообщений, последний ID: 19265
2025-09-17T15:03:35: 🔍 Проверяю новые сообщения...
2025-09-17T15:03:35: 📬 Найдено 10 сообщений, последний ID: 19265
2025-09-17T15:03:40: 🔍 Проверяю новые сообщения...
2025-09-17T15:03:40: 📬 Найдено 10 сообщений, последний ID: 19265
2025-09-17T15:03:45: 🔍 Проверяю новые сообщения...
2025-09-17T15:03:45: 📬 Найдено 10 сообщений, последний ID: 19265
2025-09-17T15:03:50: 🔍 Проверяю новые сообщения...
2025-09-17T15:03:50: 📬 Найдено 10 сообщений, последний ID: 19265
2025-09-17T15:03:55: 🔍 Проверяю новые сообщения...
2025-09-17T15:03:55: 📬 Найдено 10 сообщений, последний ID: 19265
2025-09-17T15:04:00: 🔍 Проверяю новые сообщения...
2025-09-17T15:04:00: 📬 Найдено 10 сообщений, последний ID: 19265
2025-09-17T15:04:05: 🔍 Проверяю новые сообщения...
2025-09-17T15:04:05: 📬 Найдено 10 сообщений, последний ID: 19265
2025-09-17T15:04:10: 🔍 Проверяю новые сообщения...
2025-09-17T15:04:10: 📬 Найдено 10 сообщений, последний ID: 19265
2025-09-17T15:04:15: 🔍 Проверяю новые сообщения...
2025-09-17T15:04:15: 📬 Найдено 10 сообщений, последний ID: 19265
2025-09-17T15:04:20: 🔍 Проверяю новые сообщения...
2025-09-17T15:04:20: 📬 Найдено 10 сообщений, последний ID: 19265
2025-09-17T15:04:25: 🔍 Проверяю новые сообщения...
2025-09-17T15:04:25: 📬 Найдено 10 сообщений, последний ID: 19265
2025-09-17T15:04:30: 🔍 Проверяю новые сообщения...
2025-09-17T15:04:30: 📬 Найдено 10 сообщений, последний ID: 19265
2025-09-17T15:04:35: 🔍 Проверяю новые сообщения...
2025-09-17T15:04:35: 📬 Найдено 10 сообщений, последний ID: 19265
2025-09-17T15:04:40: 🔍 Проверяю новые сообщения...
2025-09-17T15:04:40: 📬 Найдено 10 сообщений, последний ID: 19265
2025-09-17T15:04:45: 🔍 Проверяю новые сообщения...
2025-09-17T15:04:45: 📬 Найдено 10 сообщений, последний ID: 19265
2025-09-17T15:04:50: 🔍 Проверяю новые сообщения...
2025-09-17T15:04:50: 📬 Найдено 10 сообщений, последний ID: 19265
2025-09-17T15:04:55: 🔍 Проверяю новые сообщения...
2025-09-17T15:04:55: 📬 Найдено 10 сообщений, последний ID: 19265
2025-09-17T15:05:00: 🔍 Проверяю новые сообщения...
2025-09-17T15:05:00: 📬 Найдено 10 сообщений, последний ID: 19265
2025-09-17T15:05:05: 🔍 Проверяю новые сообщения...
2025-09-17T15:05:05: 📬 Найдено 10 сообщений, последний ID: 19265
2025-09-17T15:05:10: 🔍 Проверяю новые сообщения...
2025-09-17T15:05:10: 📬 Найдено 10 сообщений, последний ID: 19265
2025-09-17T15:05:15: 🔍 Проверяю новые сообщения...
2025-09-17T15:05:15: 📬 Найдено 10 сообщений, последний ID: 19265
2025-09-17T15:05:20: 🔍 Проверяю новые сообщения...
2025-09-17T15:05:20: 📬 Найдено 10 сообщений, последний ID: 19265
2025-09-17T15:05:25: 🔍 Проверяю новые сообщения...
2025-09-17T15:05:25: 📬 Найдено 10 сообщений, последний ID: 19265
2025-09-17T15:05:30: 🔍 Проверяю новые сообщения...
2025-09-17T15:05:30: 📬 Найдено 10 сообщений, последний ID: 19265
2025-09-17T15:05:35: 🔍 Проверяю новые сообщения...
2025-09-17T15:05:35: 📬 Найдено 10 сообщений, последний ID: 19265
2025-09-17T15:05:40: 🔍 Проверяю новые сообщения...
2025-09-17T15:05:40: 📬 Найдено 10 сообщений, последний ID: 19265
2025-09-17T15:05:45: 🔍 Проверяю новые сообщения...
2025-09-17T15:05:45: 📬 Найдено 10 сообщений, последний ID: 19265
2025-09-17T15:05:50: 🔍 Проверяю новые сообщения...
2025-09-17T15:05:50: 📬 Найдено 10 сообщений, последний ID: 19265
2025-09-17T15:05:55: 🔍 Проверяю новые сообщения...
2025-09-17T15:05:55: 📬 Найдено 10 сообщений, последний ID: 19265
2025-09-17T15:06:00: 🔍 Проверяю новые сообщения...
2025-09-17T15:06:00: 📬 Найдено 10 сообщений, последний ID: 19265
2025-09-17T15:06:05: 🔍 Проверяю новые сообщения...
2025-09-17T15:06:05: 📬 Найдено 10 сообщений, последний ID: 19265
2025-09-17T15:06:10: 🔍 Проверяю новые сообщения...
2025-09-17T15:06:10: 📬 Найдено 10 сообщений, последний ID: 19265
2025-09-17T15:06:15: 🔍 Проверяю новые сообщения...
2025-09-17T15:06:15: 📬 Найдено 10 сообщений, последний ID: 19265
2025-09-17T15:06:20: 🔍 Проверяю новые сообщения...
2025-09-17T15:06:20: 📬 Найдено 10 сообщений, последний ID: 19265
2025-09-17T15:06:25: 🔍 Проверяю новые сообщения...
2025-09-17T15:06:25: 📬 Найдено 10 сообщений, последний ID: 19265
2025-09-17T15:06:30: 🔍 Проверяю новые сообщения...
2025-09-17T15:06:30: 📬 Найдено 10 сообщений, последний ID: 19265
2025-09-17T15:06:35: 🔍 Проверяю новые сообщения...
2025-09-17T15:06:35: 📬 Найдено 10 сообщений, последний ID: 19265
2025-09-17T15:06:40: 🔍 Проверяю новые сообщения...
2025-09-17T15:06:40: 📬 Найдено 10 сообщений, последний ID: 19265
2025-09-17T15:06:45: 🔍 Проверяю новые сообщения...
2025-09-17T15:06:45: 📬 Найдено 10 сообщений, последний ID: 19265
2025-09-17T15:06:50: 🔍 Проверяю новые сообщения...
2025-09-17T15:06:50: 📬 Найдено 10 сообщений, последний ID: 19265
2025-09-17T15:06:55: 🔍 Проверяю новые сообщения...
2025-09-17T15:06:55: 📬 Найдено 10 сообщений, последний ID: 19265
2025-09-17T15:07:00: 🔍 Проверяю новые сообщения...
2025-09-17T15:07:00: 📬 Найдено 10 сообщений, последний ID: 19265
2025-09-17T15:07:05: 🔍 Проверяю новые сообщения...
2025-09-17T15:07:05: 📬 Найдено 10 сообщений, последний ID: 19265
2025-09-17T15:07:10: 🔍 Проверяю новые сообщения...
2025-09-17T15:07:10: 📬 Найдено 10 сообщений, последний ID: 19265
2025-09-17T15:07:15: 🔍 Проверяю новые сообщения...
2025-09-17T15:07:15: 📬 Найдено 10 сообщений, последний ID: 19265
2025-09-17T15:07:20: 🔍 Проверяю новые сообщения...
2025-09-17T15:07:20: 📬 Найдено 10 сообщений, последний ID: 19265
2025-09-17T15:07:25: 🔍 Проверяю новые сообщения...
2025-09-17T15:07:25: 📬 Найдено 10 сообщений, последний ID: 19265
2025-09-17T15:07:30: 🔍 Проверяю новые сообщения...
2025-09-17T15:07:30: 📬 Найдено 10 сообщений, последний ID: 19265
2025-09-17T15:07:35: 🔍 Проверяю новые сообщения...
2025-09-17T15:07:35: 📬 Найдено 10 сообщений, последний ID: 19265
2025-09-17T15:07:40: 🔍 Проверяю новые сообщения...
2025-09-17T15:07:40: 📬 Найдено 10 сообщений, последний ID: 19265
2025-09-17T15:07:45: 🔍 Проверяю новые сообщения...
2025-09-17T15:07:45: 📬 Найдено 10 сообщений, последний ID: 19265
2025-09-17T15:07:50: 🔍 Проверяю новые сообщения...
2025-09-17T15:07:50: 📬 Найдено 10 сообщений, последний ID: 19265
2025-09-17T15:07:55: 🔍 Проверяю новые сообщения...
2025-09-17T15:07:55: 📬 Найдено 10 сообщений, последний ID: 19265
2025-09-17T15:08:00: 🔍 Проверяю новые сообщения...
2025-09-17T15:08:00: 📬 Найдено 10 сообщений, последний ID: 19265
2025-09-17T15:08:05: 🔍 Проверяю новые сообщения...
2025-09-17T15:08:05: 📬 Найдено 10 сообщений, последний ID: 19265
2025-09-17T15:08:10: 🔍 Проверяю новые сообщения...
2025-09-17T15:08:10: 📬 Найдено 10 сообщений, последний ID: 19265
2025-09-17T15:08:15: 🔍 Проверяю новые сообщения...
2025-09-17T15:08:15: 📬 Найдено 10 сообщений, последний ID: 19265
2025-09-17T15:08:20: 🔍 Проверяю новые сообщения...
2025-09-17T15:08:20: 📬 Найдено 10 сообщений, последний ID: 19265
2025-09-17T15:08:25: 🔍 Проверяю новые сообщения...
2025-09-17T15:08:25: 📬 Найдено 10 сообщений, последний ID: 19265
2025-09-17T15:08:30: 🔍 Проверяю новые сообщения...
2025-09-17T15:08:30: 📬 Найдено 10 сообщений, последний ID: 19265
2025-09-17T15:08:35: 🔍 Проверяю новые сообщения...
2025-09-17T15:08:35: 📬 Найдено 10 сообщений, последний ID: 19265
2025-09-17T15:08:40: 🔍 Проверяю новые сообщения...
2025-09-17T15:08:40: 📬 Найдено 10 сообщений, последний ID: 19265
2025-09-17T15:08:45: 🔍 Проверяю новые сообщения...
2025-09-17T15:08:45: 📬 Найдено 10 сообщений, последний ID: 19265
2025-09-17T15:08:50: 🔍 Проверяю новые сообщения...
2025-09-17T15:08:50: 📬 Найдено 10 сообщений, последний ID: 19265
2025-09-17T15:08:55: 🔍 Проверяю новые сообщения...
2025-09-17T15:08:55: 📬 Найдено 10 сообщений, последний ID: 19265
2025-09-17T15:09:00: 🔍 Проверяю новые сообщения...
2025-09-17T15:09:00: 📬 Найдено 10 сообщений, последний ID: 19265
2025-09-17T15:09:05: 🔍 Проверяю новые сообщения...
2025-09-17T15:09:05: 📬 Найдено 10 сообщений, последний ID: 19265
2025-09-17T15:09:10: 🔍 Проверяю новые сообщения...
2025-09-17T15:09:10: 📬 Найдено 10 сообщений, последний ID: 19265
2025-09-17T15:09:15: 🔍 Проверяю новые сообщения...
2025-09-17T15:09:15: 📬 Найдено 10 сообщений, последний ID: 19265
2025-09-17T15:09:20: 🔍 Проверяю новые сообщения...
2025-09-17T15:09:20: 📬 Найдено 10 сообщений, последний ID: 19265
2025-09-17T15:09:25: 🔍 Проверяю новые сообщения...
2025-09-17T15:09:25: 📬 Найдено 10 сообщений, последний ID: 19265
2025-09-17T15:09:30: 🔍 Проверяю новые сообщения...
2025-09-17T15:09:30: 📬 Найдено 10 сообщений, последний ID: 19265
2025-09-17T15:09:35: 🔍 Проверяю новые сообщения...
2025-09-17T15:09:35: 📬 Найдено 10 сообщений, последний ID: 19265
2025-09-17T15:09:40: 🔍 Проверяю новые сообщения...
2025-09-17T15:09:40: 📬 Найдено 10 сообщений, последний ID: 19265
2025-09-17T15:09:45: 🔍 Проверяю новые сообщения...
2025-09-17T15:09:45: 📬 Найдено 10 сообщений, последний ID: 19265
2025-09-17T15:09:50: 🔍 Проверяю новые сообщения...
2025-09-17T15:09:50: 📬 Найдено 10 сообщений, последний ID: 19265
2025-09-17T15:09:55: 🔍 Проверяю новые сообщения...
2025-09-17T15:09:55: 📬 Найдено 10 сообщений, последний ID: 19265
2025-09-17T15:10:00: 🔍 Проверяю новые сообщения...
2025-09-17T15:10:00: 📬 Найдено 10 сообщений, последний ID: 19265
2025-09-17T15:10:05: 🔍 Проверяю новые сообщения...
2025-09-17T15:10:05: 📬 Найдено 10 сообщений, последний ID: 19265
2025-09-17T15:10:10: 🔍 Проверяю новые сообщения...
2025-09-17T15:10:10: 📬 Найдено 10 сообщений, последний ID: 19265
2025-09-17T15:10:15: 🔍 Проверяю новые сообщения...
2025-09-17T15:10:15: 📬 Найдено 10 сообщений, последний ID: 19265
2025-09-17T15:10:20: 🔍 Проверяю новые сообщения...
2025-09-17T15:10:20: 📬 Найдено 10 сообщений, последний ID: 19265
2025-09-17T15:10:25: 🔍 Проверяю новые сообщения...
2025-09-17T15:10:25: 📬 Найдено 10 сообщений, последний ID: 19265
2025-09-17T15:10:30: 🔍 Проверяю новые сообщения...
2025-09-17T15:10:30: 📬 Найдено 10 сообщений, последний ID: 19265
2025-09-17T15:10:35: 🔍 Проверяю новые сообщения...
2025-09-17T15:10:35: 📬 Найдено 10 сообщений, последний ID: 19265
2025-09-17T15:10:40: 🔍 Проверяю новые сообщения...
2025-09-17T15:10:40: 📬 Найдено 10 сообщений, последний ID: 19265
2025-09-17T15:10:45: 🔍 Проверяю новые сообщения...
2025-09-17T15:10:45: 📬 Найдено 10 сообщений, последний ID: 19265
2025-09-17T15:10:50: 🔍 Проверяю новые сообщения...
2025-09-17T15:10:50: 📬 Найдено 10 сообщений, последний ID: 19265
2025-09-17T15:10:55: 🔍 Проверяю новые сообщения...
2025-09-17T15:10:55: 📬 Найдено 10 сообщений, последний ID: 19265
2025-09-17T15:11:00: 🔍 Проверяю новые сообщения...
2025-09-17T15:11:00: 📬 Найдено 10 сообщений, последний ID: 19265
2025-09-17T15:11:05: 🔍 Проверяю новые сообщения...
2025-09-17T15:11:05: 📬 Найдено 10 сообщений, последний ID: 19265
2025-09-17T15:11:10: 🔍 Проверяю новые сообщения...
2025-09-17T15:11:10: 📬 Найдено 10 сообщений, последний ID: 19265
2025-09-17T15:11:15: 🔍 Проверяю новые сообщения...
2025-09-17T15:11:15: 📬 Найдено 10 сообщений, последний ID: 19265
2025-09-17T15:11:20: 🔍 Проверяю новые сообщения...
2025-09-17T15:11:20: 📬 Найдено 10 сообщений, последний ID: 19265
2025-09-17T15:11:25: 🔍 Проверяю новые сообщения...
2025-09-17T15:11:25: 📬 Найдено 10 сообщений, последний ID: 19265
2025-09-17T15:11:30: 🔍 Проверяю новые сообщения...
2025-09-17T15:11:30: 📬 Найдено 10 сообщений, последний ID: 19265
2025-09-17T15:11:35: 🔍 Проверяю новые сообщения...
2025-09-17T15:11:35: 📬 Найдено 10 сообщений, последний ID: 19265
2025-09-17T15:11:40: 🔍 Проверяю новые сообщения...
2025-09-17T15:11:40: 📬 Найдено 10 сообщений, последний ID: 19265
2025-09-17T15:11:45: 🔍 Проверяю новые сообщения...
2025-09-17T15:11:45: 📬 Найдено 10 сообщений, последний ID: 19265
2025-09-17T15:11:50: 🔍 Проверяю новые сообщения...
2025-09-17T15:11:50: 📬 Найдено 10 сообщений, последний ID: 19265
2025-09-17T15:11:55: 🔍 Проверяю новые сообщения...
2025-09-17T15:11:55: 📬 Найдено 10 сообщений, последний ID: 19265
2025-09-17T15:12:00: 🔍 Проверяю новые сообщения...
2025-09-17T15:12:00: 📬 Найдено 10 сообщений, последний ID: 19265
2025-09-17T15:12:05: 🔍 Проверяю новые сообщения...
2025-09-17T15:12:05: 📬 Найдено 10 сообщений, последний ID: 19265
2025-09-17T15:12:10: 🔍 Проверяю новые сообщения...
2025-09-17T15:12:10: 📬 Найдено 10 сообщений, последний ID: 19265
2025-09-17T15:12:15: 🔍 Проверяю новые сообщения...
2025-09-17T15:12:15: 📬 Найдено 10 сообщений, последний ID: 19265
2025-09-17T15:12:20: 🔍 Проверяю новые сообщения...
2025-09-17T15:12:20: 📬 Найдено 10 сообщений, последний ID: 19265
2025-09-17T15:12:25: 🔍 Проверяю новые сообщения...
2025-09-17T15:12:25: 📬 Найдено 10 сообщений, последний ID: 19265
2025-09-17T15:12:30: 🔍 Проверяю новые сообщения...
2025-09-17T15:12:30: 📬 Найдено 10 сообщений, последний ID: 19265
2025-09-17T15:12:35: 🔍 Проверяю новые сообщения...
2025-09-17T15:12:35: 📬 Найдено 10 сообщений, последний ID: 19265
2025-09-17T15:12:40: 🔍 Проверяю новые сообщения...
2025-09-17T15:12:40: 📬 Найдено 10 сообщений, последний ID: 19265
2025-09-17T15:12:45: 🔍 Проверяю новые сообщения...
2025-09-17T15:12:45: 📬 Найдено 10 сообщений, последний ID: 19265
2025-09-17T15:12:50: 🔍 Проверяю новые сообщения...
2025-09-17T15:12:50: 📬 Найдено 10 сообщений, последний ID: 19265
2025-09-17T15:12:55: 🔍 Проверяю новые сообщения...
2025-09-17T15:12:55: 📬 Найдено 10 сообщений, последний ID: 19265
2025-09-17T15:13:00: 🔍 Проверяю новые сообщения...
2025-09-17T15:13:00: 📬 Найдено 10 сообщений, последний ID: 19265
2025-09-17T15:13:05: 🔍 Проверяю новые сообщения...
2025-09-17T15:13:05: 📬 Найдено 10 сообщений, последний ID: 19265
2025-09-17T15:13:10: 🔍 Проверяю новые сообщения...
2025-09-17T15:13:10: 📬 Найдено 10 сообщений, последний ID: 19265
2025-09-17T15:13:15: 🔍 Проверяю новые сообщения...
2025-09-17T15:13:15: 📬 Найдено 10 сообщений, последний ID: 19265
2025-09-17T15:13:20: 🔍 Проверяю новые сообщения...
2025-09-17T15:13:20: 📬 Найдено 10 сообщений, последний ID: 19265
2025-09-17T15:13:25: 🔍 Проверяю новые сообщения...
2025-09-17T15:13:25: 📬 Найдено 10 сообщений, последний ID: 19265
2025-09-17T15:13:30: 🔍 Проверяю новые сообщения...
2025-09-17T15:13:30: 📬 Найдено 10 сообщений, последний ID: 19265
2025-09-17T15:13:35: 🔍 Проверяю новые сообщения...
2025-09-17T15:13:35: 📬 Найдено 10 сообщений, последний ID: 19265
2025-09-17T15:13:40: 🔍 Проверяю новые сообщения...
2025-09-17T15:13:40: 📬 Найдено 10 сообщений, последний ID: 19265
2025-09-17T15:13:45: 🔍 Проверяю новые сообщения...
2025-09-17T15:13:45: 📬 Найдено 10 сообщений, последний ID: 19265
2025-09-17T15:13:50: 🔍 Проверяю новые сообщения...
2025-09-17T15:13:50: 📬 Найдено 10 сообщений, последний ID: 19265
2025-09-17T15:13:55: 🔍 Проверяю новые сообщения...
2025-09-17T15:13:55: 📬 Найдено 10 сообщений, последний ID: 19265
2025-09-17T15:14:00: 🔍 Проверяю новые сообщения...
2025-09-17T15:14:00: 📬 Найдено 10 сообщений, последний ID: 19265
2025-09-17T15:14:05: 🔍 Проверяю новые сообщения...
2025-09-17T15:14:05: 📬 Найдено 10 сообщений, последний ID: 19265
2025-09-17T15:14:10: 🔍 Проверяю новые сообщения...
2025-09-17T15:14:10: 📬 Найдено 10 сообщений, последний ID: 19265
2025-09-17T15:14:15: 🔍 Проверяю новые сообщения...
2025-09-17T15:14:15: 📬 Найдено 10 сообщений, последний ID: 19265
2025-09-17T15:14:20: 🔍 Проверяю новые сообщения...
2025-09-17T15:14:20: 📬 Найдено 10 сообщений, последний ID: 19265
2025-09-17T15:14:25: 🔍 Проверяю новые сообщения...
2025-09-17T15:14:25: 📬 Найдено 10 сообщений, последний ID: 19265
2025-09-17T15:14:30: 🔍 Проверяю новые сообщения...
2025-09-17T15:14:30: 📬 Найдено 10 сообщений, последний ID: 19265
2025-09-17T15:14:35: 🔍 Проверяю новые сообщения...
2025-09-17T15:14:35: 📬 Найдено 10 сообщений, последний ID: 19265
2025-09-17T15:14:40: 🔍 Проверяю новые сообщения...
2025-09-17T15:14:40: 📬 Найдено 10 сообщений, последний ID: 19265
2025-09-17T15:14:45: 🔍 Проверяю новые сообщения...
2025-09-17T15:14:45: 📬 Найдено 10 сообщений, последний ID: 19265
2025-09-17T15:14:50: 🔍 Проверяю новые сообщения...
2025-09-17T15:14:50: 📬 Найдено 10 сообщений, последний ID: 19265
2025-09-17T15:14:55: 🔍 Проверяю новые сообщения...
2025-09-17T15:14:55: 📬 Найдено 10 сообщений, последний ID: 19265
2025-09-17T15:15:00: 🔍 Проверяю новые сообщения...
2025-09-17T15:15:00: 📬 Найдено 10 сообщений, последний ID: 19265
2025-09-17T15:15:05: 🔍 Проверяю новые сообщения...
2025-09-17T15:15:05: 📬 Найдено 10 сообщений, последний ID: 19265
2025-09-17T15:15:10: 🔍 Проверяю новые сообщения...
2025-09-17T15:15:10: 📬 Найдено 10 сообщений, последний ID: 19265
2025-09-17T15:15:15: 🔍 Проверяю новые сообщения...
2025-09-17T15:15:15: 📬 Найдено 10 сообщений, последний ID: 19265
2025-09-17T15:15:20: 🔍 Проверяю новые сообщения...
2025-09-17T15:15:21: 📬 Найдено 10 сообщений, последний ID: 19265
2025-09-17T15:15:25: 🔍 Проверяю новые сообщения...
2025-09-17T15:15:25: 📬 Найдено 10 сообщений, последний ID: 19265
2025-09-17T15:15:30: 🔍 Проверяю новые сообщения...
2025-09-17T15:15:30: 📬 Найдено 10 сообщений, последний ID: 19265
2025-09-17T15:15:35: 🔍 Проверяю новые сообщения...
2025-09-17T15:15:35: 📬 Найдено 10 сообщений, последний ID: 19265
2025-09-17T15:15:40: 🔍 Проверяю новые сообщения...
2025-09-17T15:15:40: 📬 Найдено 10 сообщений, последний ID: 19265
2025-09-17T15:15:45: 🔍 Проверяю новые сообщения...
2025-09-17T15:15:45: 📬 Найдено 10 сообщений, последний ID: 19265
2025-09-17T15:15:50: 🔍 Проверяю новые сообщения...
2025-09-17T15:15:50: 📬 Найдено 10 сообщений, последний ID: 19265
2025-09-17T15:15:55: 🔍 Проверяю новые сообщения...
2025-09-17T15:15:55: 📬 Найдено 10 сообщений, последний ID: 19265
2025-09-17T15:16:00: 🔍 Проверяю новые сообщения...
2025-09-17T15:16:00: 📬 Найдено 10 сообщений, последний ID: 19265
2025-09-17T15:16:05: 🔍 Проверяю новые сообщения...
2025-09-17T15:16:05: 📬 Найдено 10 сообщений, последний ID: 19265
2025-09-17T15:16:10: 🔍 Проверяю новые сообщения...
2025-09-17T15:16:10: 📬 Найдено 10 сообщений, последний ID: 19265
2025-09-17T15:16:15: 🔍 Проверяю новые сообщения...
2025-09-17T15:16:15: 📬 Найдено 10 сообщений, последний ID: 19265
2025-09-17T15:16:20: 🔍 Проверяю новые сообщения...
2025-09-17T15:16:20: 📬 Найдено 10 сообщений, последний ID: 19265
2025-09-17T15:16:25: 🔍 Проверяю новые сообщения...
2025-09-17T15:16:25: 📬 Найдено 10 сообщений, последний ID: 19265
2025-09-17T15:16:30: 🔍 Проверяю новые сообщения...
2025-09-17T15:16:30: 📬 Найдено 10 сообщений, последний ID: 19265
2025-09-17T15:16:35: 🔍 Проверяю новые сообщения...
2025-09-17T15:16:35: 📬 Найдено 10 сообщений, последний ID: 19265
2025-09-17T15:16:40: 🔍 Проверяю новые сообщения...
2025-09-17T15:16:40: 📬 Найдено 10 сообщений, последний ID: 19265
2025-09-17T15:16:45: 🔍 Проверяю новые сообщения...
2025-09-17T15:16:45: 📬 Найдено 10 сообщений, последний ID: 19265
2025-09-17T15:16:50: 🔍 Проверяю новые сообщения...
2025-09-17T15:16:50: 📬 Найдено 10 сообщений, последний ID: 19265
2025-09-17T15:16:55: 🔍 Проверяю новые сообщения...
2025-09-17T15:16:55: 📬 Найдено 10 сообщений, последний ID: 19265
2025-09-17T15:17:00: 🔍 Проверяю новые сообщения...
2025-09-17T15:17:00: 📬 Найдено 10 сообщений, последний ID: 19265
2025-09-17T15:17:05: 🔍 Проверяю новые сообщения...
2025-09-17T15:17:05: 📬 Найдено 10 сообщений, последний ID: 19265
2025-09-17T15:17:10: 🔍 Проверяю новые сообщения...
2025-09-17T15:17:10: 📬 Найдено 10 сообщений, последний ID: 19265
2025-09-17T15:17:15: 🔍 Проверяю новые сообщения...
2025-09-17T15:17:15: 📬 Найдено 10 сообщений, последний ID: 19265
2025-09-17T15:17:20: 🔍 Проверяю новые сообщения...
2025-09-17T15:17:20: 📬 Найдено 10 сообщений, последний ID: 19265
2025-09-17T15:17:25: 🔍 Проверяю новые сообщения...
2025-09-17T15:17:25: 📬 Найдено 10 сообщений, последний ID: 19265
2025-09-17T15:17:30: 🔍 Проверяю новые сообщения...
2025-09-17T15:17:30: 📬 Найдено 10 сообщений, последний ID: 19265
2025-09-17T15:17:35: 🔍 Проверяю новые сообщения...
2025-09-17T15:17:35: 📬 Найдено 10 сообщений, последний ID: 19265
2025-09-17T15:17:40: 🔍 Проверяю новые сообщения...
2025-09-17T15:17:40: 📬 Найдено 10 сообщений, последний ID: 19265
2025-09-17T15:17:45: 🔍 Проверяю новые сообщения...
2025-09-17T15:17:45: 📬 Найдено 10 сообщений, последний ID: 19265
2025-09-17T15:17:50: 🔍 Проверяю новые сообщения...
2025-09-17T15:17:50: 📬 Найдено 10 сообщений, последний ID: 19265
2025-09-17T15:17:55: 🔍 Проверяю новые сообщения...
2025-09-17T15:17:55: 📬 Найдено 10 сообщений, последний ID: 19265
2025-09-17T15:18:00: 🔍 Проверяю новые сообщения...
2025-09-17T15:18:00: 📬 Найдено 10 сообщений, последний ID: 19265
2025-09-17T15:18:05: 🔍 Проверяю новые сообщения...
2025-09-17T15:18:05: 📬 Найдено 10 сообщений, последний ID: 19265
2025-09-17T15:18:10: 🔍 Проверяю новые сообщения...
2025-09-17T15:18:10: 📬 Найдено 10 сообщений, последний ID: 19265
2025-09-17T15:18:15: 🔍 Проверяю новые сообщения...
2025-09-17T15:18:15: 📬 Найдено 10 сообщений, последний ID: 19265
2025-09-17T15:18:20: 🔍 Проверяю новые сообщения...
2025-09-17T15:18:20: 📬 Найдено 10 сообщений, последний ID: 19265
2025-09-17T15:18:25: 🔍 Проверяю новые сообщения...
2025-09-17T15:18:25: 📬 Найдено 10 сообщений, последний ID: 19265
2025-09-17T15:18:30: 🔍 Проверяю новые сообщения...
2025-09-17T15:18:30: 📬 Найдено 10 сообщений, последний ID: 19265
2025-09-17T15:18:35: 🔍 Проверяю новые сообщения...
2025-09-17T15:18:35: 📬 Найдено 10 сообщений, последний ID: 19265
2025-09-17T15:18:40: 🔍 Проверяю новые сообщения...
2025-09-17T15:18:40: 📬 Найдено 10 сообщений, последний ID: 19265
2025-09-17T15:18:45: 🔍 Проверяю новые сообщения...
2025-09-17T15:18:45: 📬 Найдено 10 сообщений, последний ID: 19265
2025-09-17T15:18:50: 🔍 Проверяю новые сообщения...
2025-09-17T15:18:50: 📬 Найдено 10 сообщений, последний ID: 19265
2025-09-17T15:18:55: 🔍 Проверяю новые сообщения...
2025-09-17T15:18:55: 📬 Найдено 10 сообщений, последний ID: 19265
2025-09-17T15:19:00: 🔍 Проверяю новые сообщения...
2025-09-17T15:19:00: 📬 Найдено 10 сообщений, последний ID: 19265
2025-09-17T15:19:05: 🔍 Проверяю новые сообщения...
2025-09-17T15:19:05: 📬 Найдено 10 сообщений, последний ID: 19265
2025-09-17T15:19:10: 🔍 Проверяю новые сообщения...
2025-09-17T15:19:10: 📬 Найдено 10 сообщений, последний ID: 19265
2025-09-17T15:19:15: 🔍 Проверяю новые сообщения...
2025-09-17T15:19:15: 📬 Найдено 10 сообщений, последний ID: 19265
2025-09-17T15:19:20: 🔍 Проверяю новые сообщения...
2025-09-17T15:19:20: 📬 Найдено 10 сообщений, последний ID: 19265
2025-09-17T15:19:25: 🔍 Проверяю новые сообщения...
2025-09-17T15:19:25: 📬 Найдено 10 сообщений, последний ID: 19265
2025-09-17T15:19:30: 🔍 Проверяю новые сообщения...
2025-09-17T15:19:30: 📬 Найдено 10 сообщений, последний ID: 19265
2025-09-17T15:19:35: 🔍 Проверяю новые сообщения...
2025-09-17T15:19:35: 📬 Найдено 10 сообщений, последний ID: 19265
2025-09-17T15:19:40: 🔍 Проверяю новые сообщения...
2025-09-17T15:19:40: 📬 Найдено 10 сообщений, последний ID: 19265
2025-09-17T15:19:45: 🔍 Проверяю новые сообщения...
2025-09-17T15:19:45: 📬 Найдено 10 сообщений, последний ID: 19265
2025-09-17T15:19:50: 🔍 Проверяю новые сообщения...
2025-09-17T15:19:50: 📬 Найдено 10 сообщений, последний ID: 19265
2025-09-17T15:19:55: 🔍 Проверяю новые сообщения...
2025-09-17T15:19:55: 📬 Найдено 10 сообщений, последний ID: 19265
2025-09-17T15:20:00: 🔍 Проверяю новые сообщения...
2025-09-17T15:20:00: 📬 Найдено 10 сообщений, последний ID: 19265
2025-09-17T15:20:05: 🔍 Проверяю новые сообщения...
2025-09-17T15:20:05: 📬 Найдено 10 сообщений, последний ID: 19265
2025-09-17T15:20:10: 🔍 Проверяю новые сообщения...
2025-09-17T15:20:10: 📬 Найдено 10 сообщений, последний ID: 19265
2025-09-17T15:20:15: 🔍 Проверяю новые сообщения...
2025-09-17T15:20:15: 📬 Найдено 10 сообщений, последний ID: 19265
2025-09-17T15:20:20: 🔍 Проверяю новые сообщения...
2025-09-17T15:20:20: 📬 Найдено 10 сообщений, последний ID: 19265
2025-09-17T15:20:25: 🔍 Проверяю новые сообщения...
2025-09-17T15:20:25: 📬 Найдено 10 сообщений, последний ID: 19265
2025-09-17T15:20:30: 🔍 Проверяю новые сообщения...
2025-09-17T15:20:30: 📬 Найдено 10 сообщений, последний ID: 19265
2025-09-17T15:20:35: 🔍 Проверяю новые сообщения...
2025-09-17T15:20:35: 📬 Найдено 10 сообщений, последний ID: 19265
2025-09-17T15:20:40: 🔍 Проверяю новые сообщения...
2025-09-17T15:20:40: 📬 Найдено 10 сообщений, последний ID: 19265
2025-09-17T15:20:45: 🔍 Проверяю новые сообщения...
2025-09-17T15:20:45: 📬 Найдено 10 сообщений, последний ID: 19265
2025-09-17T15:20:50: 🔍 Проверяю новые сообщения...
2025-09-17T15:20:50: 📬 Найдено 10 сообщений, последний ID: 19265
2025-09-17T15:20:55: 🔍 Проверяю новые сообщения...
2025-09-17T15:20:55: 📬 Найдено 10 сообщений, последний ID: 19265
2025-09-17T15:21:00: 🔍 Проверяю новые сообщения...
2025-09-17T15:21:00: 📬 Найдено 10 сообщений, последний ID: 19265
2025-09-17T15:21:05: 🔍 Проверяю новые сообщения...
2025-09-17T15:21:05: 📬 Найдено 10 сообщений, последний ID: 19265
2025-09-17T15:21:10: 🔍 Проверяю новые сообщения...
2025-09-17T15:21:10: 📬 Найдено 10 сообщений, последний ID: 19265
2025-09-17T15:21:15: 🔍 Проверяю новые сообщения...
2025-09-17T15:21:15: 📬 Найдено 10 сообщений, последний ID: 19265
2025-09-17T15:21:20: 🔍 Проверяю новые сообщения...
2025-09-17T15:21:20: 📬 Найдено 10 сообщений, последний ID: 19265
2025-09-17T15:21:25: 🔍 Проверяю новые сообщения...
2025-09-17T15:21:25: 📬 Найдено 10 сообщений, последний ID: 19265
2025-09-17T15:21:30: 🔍 Проверяю новые сообщения...
2025-09-17T15:21:30: 📬 Найдено 10 сообщений, последний ID: 19265
2025-09-17T15:21:35: 🔍 Проверяю новые сообщения...
2025-09-17T15:21:35: 📬 Найдено 10 сообщений, последний ID: 19265
2025-09-17T15:21:40: 🔍 Проверяю новые сообщения...
2025-09-17T15:21:40: 📬 Найдено 10 сообщений, последний ID: 19265
2025-09-17T15:21:45: 🔍 Проверяю новые сообщения...
2025-09-17T15:21:45: 📬 Найдено 10 сообщений, последний ID: 19265
2025-09-17T15:21:50: 🔍 Проверяю новые сообщения...
2025-09-17T15:21:50: 📬 Найдено 10 сообщений, последний ID: 19265
2025-09-17T15:21:55: 🔍 Проверяю новые сообщения...
2025-09-17T15:21:55: 📬 Найдено 10 сообщений, последний ID: 19265
2025-09-17T15:22:00: 🔍 Проверяю новые сообщения...
2025-09-17T15:22:00: 📬 Найдено 10 сообщений, последний ID: 19265
2025-09-17T15:22:05: 🔍 Проверяю новые сообщения...
2025-09-17T15:22:05: 📬 Найдено 10 сообщений, последний ID: 19265
